<?xml version="1.0" encoding="utf-8" ?>
<!DOCTYPE html PUBLIC "-//W3C//DTD XHTML 1.0 Strict//EN"
        "http://www.w3.org/TR/xhtml1/DTD/xhtml1-strict.dtd">
<html xmlns="http://www.w3.org/1999/xhtml" xml:lang="" lang="">
<head>
  <title>Test Results Report - 创新思维开发与落地</title>
  <meta http-equiv="Content-Type" content="text/html;charset=utf-8" />
  <meta name="description" content="TestNG unit test results." />
  <link href="reportng.css" rel="stylesheet" type="text/css" />
    <script type="text/javascript" src="reportng.js"></script>
</head>
<body>
<h1>创新思维开发与落地</h1>
<p>
  Test duration: 248.986s
</p>



  <table class="resultsTable">
    <tr><th colspan="5" class="header failed">Failed Tests</th></tr>
          <tr>
        <td colspan="1" class="group">com.kkb.test.steps.pc.gxb.CoursePlayStep</td>
        <td colspan="1" class="group">Duration</td>
        <td colspan="1" class="group">Data being used</td>
        <td colspan="1" class="group">Test Result</td>
        <td colspan="1" class="group">Screen Shot</td>
        
      </tr>
            
<tr>
  <td class="method">
                  <span class="description" title="查看视频播放 ">testVideoPaly:查看视频播放 </span>
      </td>
  <td class="duration">
    247.646s
  </td>
    <td>
  		    	  <i></i><span class="arguments">"http://yibinu.gaoxiaobang.com/", "ycao@gaoxiaobang.com", "801205", "创新思维开发与落地"</span><br />
 	       </td>
  <td class="result">
        
          <i>Method arguments: </i><span class="arguments">"http://yibinu.gaoxiaobang.com/", "ycao@gaoxiaobang.com", "801205", "创新思维开发与落地"</span><br />
    



        <a href="javascript:toggleElement('exception-0', 'block')" title="Click to expand/collapse"><b>java.lang.Exception: 查看视频播放-创新思维开发与落地&nbsp; &gt;&gt; unknown error: Element is not clickable at point (1071, 253). Other element would receive the click: &lt;a class=&quot;chapter-info gxb-cur-point lxy-set-color&quot; href=&quot;javascript:void(0)&quot; unit_id=&quot;&quot; chapter_id=&quot;637070&quot; content_id=&quot;83688&quot; content_type=&quot;Topic&quot; title=&quot;讨论：你的专业“有希望”吗？你如何调整自己的心态。&quot; islock=&quot;false&quot; isunlock=&quot;true&quot;&gt;...&lt;/a&gt;<br/>
&nbsp; (Session info: chrome=52.0.2743.82)<br/>
&nbsp; (Driver info: chromedriver=2.21.371459 (36d3d07f660ff2bc1bf28a75d1cdabed0983e7c4),platform=Windows NT 6.1 SP1 x86_64) (WARNING: The server did not provide any stacktrace information)<br/>
Command duration or timeout: 222 milliseconds<br/>
Build info: version: &apos;2.51.0&apos;, revision: &apos;1af067dbcaedd7d2ab9af5151fc471d363d97193&apos;, time: &apos;2016-02-05 11:20:57&apos;<br/>
System info: host: &apos;SWWVZWCFFJRFJKW&apos;, ip: &apos;192.168.20.21&apos;, os.name: &apos;Windows 7&apos;, os.arch: &apos;amd64&apos;, os.version: &apos;6.1&apos;, java.version: &apos;1.7.0_79&apos;<br/>
Session ID: 6628bc1f4956ec90ddd8ccde9271ed05<br/>
Driver info: org.openqa.selenium.chrome.ChromeDriver<br/>
Capabilities [{platform=XP, acceptSslCerts=true, javascriptEnabled=true, browserName=chrome, chrome={userDataDir=C:\Users\ADMINI~1\AppData\Local\Temp\scoped_dir6772_17346, chromedriverVersion=2.21.371459 (36d3d07f660ff2bc1bf28a75d1cdabed0983e7c4)}, rotatable=false, locationContextEnabled=true, mobileEmulationEnabled=false, version=52.0.2743.82, takesHeapSnapshot=true, cssSelectorsEnabled=true, databaseEnabled=false, handlesAlerts=true, browserConnectionEnabled=false, webStorageEnabled=true, nativeEvents=true, hasTouchScreen=false, applicationCacheEnabled=false, takesScreenshot=true}]</b></a><br />
    <div class="stackTrace" id="exception-0">
              com.kkb.test.steps.pc.gxb.CoursePlayStep.testVideoPaly(CoursePlayStep.java:84)<br />
              sun.reflect.NativeMethodAccessorImpl.invoke0(Native Method)<br />
              sun.reflect.NativeMethodAccessorImpl.invoke(NativeMethodAccessorImpl.java:57)<br />
              sun.reflect.DelegatingMethodAccessorImpl.invoke(DelegatingMethodAccessorImpl.java:43)<br />
              java.lang.reflect.Method.invoke(Method.java:606)<br />
              org.testng.internal.MethodInvocationHelper.invokeMethod(MethodInvocationHelper.java:85)<br />
              org.testng.internal.Invoker.invokeMethod(Invoker.java:659)<br />
              org.testng.internal.Invoker.invokeTestMethod(Invoker.java:845)<br />
              org.testng.internal.Invoker.invokeTestMethods(Invoker.java:1153)<br />
              org.testng.internal.TestMethodWorker.invokeTestMethods(TestMethodWorker.java:125)<br />
              org.testng.internal.TestMethodWorker.run(TestMethodWorker.java:108)<br />
              org.testng.TestRunner.privateRun(TestRunner.java:771)<br />
              org.testng.TestRunner.run(TestRunner.java:621)<br />
              org.testng.SuiteRunner.runTest(SuiteRunner.java:357)<br />
              org.testng.SuiteRunner.access$000(SuiteRunner.java:38)<br />
              org.testng.SuiteRunner$SuiteWorker.run(SuiteRunner.java:391)<br />
              org.testng.internal.thread.ThreadUtil$2.call(ThreadUtil.java:64)<br />
              java.util.concurrent.FutureTask.run(FutureTask.java:262)<br />
              java.util.concurrent.ThreadPoolExecutor.runWorker(ThreadPoolExecutor.java:1145)<br />
              java.util.concurrent.ThreadPoolExecutor$Worker.run(ThreadPoolExecutor.java:615)<br />
              java.lang.Thread.run(Thread.java:745)<br />
                    <b>Caused by: </b> <a href="javascript:toggleElement('exception-1', 'block')" title="Click to expand/collapse">org.openqa.selenium.WebDriverException: unknown error: Element is not clickable at point (1071, 253). Other element would receive the click: &lt;a class=&quot;chapter-info gxb-cur-point lxy-set-color&quot; href=&quot;javascript:void(0)&quot; unit_id=&quot;&quot; chapter_id=&quot;637070&quot; content_id=&quot;83688&quot; content_type=&quot;Topic&quot; title=&quot;讨论：你的专业“有希望”吗？你如何调整自己的心态。&quot; islock=&quot;false&quot; isunlock=&quot;true&quot;&gt;...&lt;/a&gt;<br/>
&nbsp; (Session info: chrome=52.0.2743.82)<br/>
&nbsp; (Driver info: chromedriver=2.21.371459 (36d3d07f660ff2bc1bf28a75d1cdabed0983e7c4),platform=Windows NT 6.1 SP1 x86_64) (WARNING: The server did not provide any stacktrace information)<br/>
Command duration or timeout: 222 milliseconds<br/>
Build info: version: &apos;2.51.0&apos;, revision: &apos;1af067dbcaedd7d2ab9af5151fc471d363d97193&apos;, time: &apos;2016-02-05 11:20:57&apos;<br/>
System info: host: &apos;SWWVZWCFFJRFJKW&apos;, ip: &apos;192.168.20.21&apos;, os.name: &apos;Windows 7&apos;, os.arch: &apos;amd64&apos;, os.version: &apos;6.1&apos;, java.version: &apos;1.7.0_79&apos;<br/>
Session ID: 6628bc1f4956ec90ddd8ccde9271ed05<br/>
Driver info: org.openqa.selenium.chrome.ChromeDriver<br/>
Capabilities [{platform=XP, acceptSslCerts=true, javascriptEnabled=true, browserName=chrome, chrome={userDataDir=C:\Users\ADMINI~1\AppData\Local\Temp\scoped_dir6772_17346, chromedriverVersion=2.21.371459 (36d3d07f660ff2bc1bf28a75d1cdabed0983e7c4)}, rotatable=false, locationContextEnabled=true, mobileEmulationEnabled=false, version=52.0.2743.82, takesHeapSnapshot=true, cssSelectorsEnabled=true, databaseEnabled=false, handlesAlerts=true, browserConnectionEnabled=false, webStorageEnabled=true, nativeEvents=true, hasTouchScreen=false, applicationCacheEnabled=false, takesScreenshot=true}]</a><br />
        <div class="stackTrace" id="exception-1">
                      sun.reflect.NativeConstructorAccessorImpl.newInstance0(Native Method)<br />
                      sun.reflect.NativeConstructorAccessorImpl.newInstance(NativeConstructorAccessorImpl.java:57)<br />
                      sun.reflect.DelegatingConstructorAccessorImpl.newInstance(DelegatingConstructorAccessorImpl.java:45)<br />
                      java.lang.reflect.Constructor.newInstance(Constructor.java:526)<br />
                      org.openqa.selenium.remote.ErrorHandler.createThrowable(ErrorHandler.java:206)<br />
                      org.openqa.selenium.remote.ErrorHandler.throwIfResponseFailed(ErrorHandler.java:158)<br />
                      org.openqa.selenium.remote.RemoteWebDriver.execute(RemoteWebDriver.java:678)<br />
                      org.openqa.selenium.remote.RemoteWebElement.execute(RemoteWebElement.java:327)<br />
                      org.openqa.selenium.remote.RemoteWebElement.click(RemoteWebElement.java:85)<br />
                      com.kkb.test.actions.pc.gxb.CommonCourseLearnAct.getItems(CommonCourseLearnAct.java:382)<br />
                      com.kkb.test.actions.pc.gxb.CommonCourseLearnAct.checkVideoPlay(CommonCourseLearnAct.java:409)<br />
                      com.kkb.test.steps.pc.gxb.CoursePlayStep.testVideoPaly(CoursePlayStep.java:74)<br />
                      sun.reflect.NativeMethodAccessorImpl.invoke0(Native Method)<br />
                      sun.reflect.NativeMethodAccessorImpl.invoke(NativeMethodAccessorImpl.java:57)<br />
                      sun.reflect.DelegatingMethodAccessorImpl.invoke(DelegatingMethodAccessorImpl.java:43)<br />
                      java.lang.reflect.Method.invoke(Method.java:606)<br />
                      org.testng.internal.MethodInvocationHelper.invokeMethod(MethodInvocationHelper.java:85)<br />
                      org.testng.internal.Invoker.invokeMethod(Invoker.java:659)<br />
                      org.testng.internal.Invoker.invokeTestMethod(Invoker.java:845)<br />
                      org.testng.internal.Invoker.invokeTestMethods(Invoker.java:1153)<br />
                      org.testng.internal.TestMethodWorker.invokeTestMethods(TestMethodWorker.java:125)<br />
                      org.testng.internal.TestMethodWorker.run(TestMethodWorker.java:108)<br />
                      org.testng.TestRunner.privateRun(TestRunner.java:771)<br />
                      org.testng.TestRunner.run(TestRunner.java:621)<br />
                      org.testng.SuiteRunner.runTest(SuiteRunner.java:357)<br />
                      org.testng.SuiteRunner.access$000(SuiteRunner.java:38)<br />
                      org.testng.SuiteRunner$SuiteWorker.run(SuiteRunner.java:391)<br />
                      org.testng.internal.thread.ThreadUtil$2.call(ThreadUtil.java:64)<br />
                      java.util.concurrent.FutureTask.run(FutureTask.java:262)<br />
                      java.util.concurrent.ThreadPoolExecutor.runWorker(ThreadPoolExecutor.java:1145)<br />
                      java.util.concurrent.ThreadPoolExecutor$Worker.run(ThreadPoolExecutor.java:615)<br />
                      java.lang.Thread.run(Thread.java:745)<br />
                  </div>
         
    </div>
      </td>
    <td>      
              <div class="testOutput">
                        <screenshot><a href="screenshot/2016_08_03_15_46_38.jpg" target="_blank">

                                <screenshot><img height="200px" width="200px" src="screenshot/2016_08_03_15_46_38.jpg"/></a>

                                <screenshot><a href="screenshot/2016_08_03_15_46_48.jpg" target="_blank">

                                <screenshot><img height="200px" width="200px" src="screenshot/2016_08_03_15_46_48.jpg"/></a>

                                <screenshot><a href="screenshot/2016_08_03_15_50_11.jpg" target="_blank">

                                <screenshot><img height="200px" width="200px" src="screenshot/2016_08_03_15_50_11.jpg"/></a>

                                <screenshot><a href="screenshot/2016_08_03_15_50_27_testVideoPaly.jpg" target="_blank">

                                <screenshot><img height="200px" width="200px" src="screenshot/2016_08_03_15_50_27_testVideoPaly.jpg"/></a>

                  </div>
      </td>
  
</tr>
      </table>


  
</body>
</html>
